<?xml version="1.0" encoding="UTF-8"?>
<!-- Generated by org.testng.reporters.JUnitXMLReporter -->
<testsuite ignored="0" hostname="Archana" failures="2" tests="7" name="ChromeTest" time="259.583" errors="0" timestamp="2022-09-24T15:55:36 IST">
  <testcase classname="TestPack.ToVerifyFacebookHomePage" name="toVerifyLogInPage" time="16.081">
    <failure type="java.lang.AssertionError" message="The password that you&amp;apos;ve entered is incorrect. Forgotten password? expected [(2) Facebook] but found []">
      <![CDATA[java.lang.AssertionError: The password that you've entered is incorrect. Forgotten password? expected [(2) Facebook] but found []
at TestPack.ToVerifyFacebookHomePage.toVerifyLogInPage(ToVerifyFacebookHomePage.java:95)
at java.base/java.util.ArrayList.forEach(ArrayList.java:1511)
at java.base/java.util.concurrent.FutureTask.run(FutureTask.java:264)
at java.base/java.util.concurrent.ThreadPoolExecutor.runWorker(ThreadPoolExecutor.java:1136)
at java.base/java.util.concurrent.ThreadPoolExecutor$Worker.run(ThreadPoolExecutor.java:635)
at java.base/java.lang.Thread.run(Thread.java:833)
... Removed 21 stack frames]]>
    </failure>
  </testcase> <!-- toVerifyLogInPage -->
  <testcase classname="TestPack.ToVerifyFacebookHomePage" name="toVerifySignUpPage" time="6.015">
    <failure type="java.lang.AssertionError" message="expected [Facebook] but found [Sign up for Facebook | Facebook]">
      <![CDATA[java.lang.AssertionError: expected [Facebook] but found [Sign up for Facebook | Facebook]
at TestPack.ToVerifyFacebookHomePage.toVerifySignUpPage(ToVerifyFacebookHomePage.java:78)
at java.base/java.util.ArrayList.forEach(ArrayList.java:1511)
at java.base/java.util.concurrent.FutureTask.run(FutureTask.java:264)
at java.base/java.util.concurrent.ThreadPoolExecutor.runWorker(ThreadPoolExecutor.java:1136)
at java.base/java.util.concurrent.ThreadPoolExecutor$Worker.run(ThreadPoolExecutor.java:635)
at java.base/java.lang.Thread.run(Thread.java:833)
... Removed 22 stack frames]]>
    </failure>
  </testcase> <!-- toVerifySignUpPage -->
  <testcase classname="TempTestNg2.ToVerifyAllTab" name="verifyHandbagsButton" time="2.242"/>
  <testcase classname="TempTestNg2.ToVerifyAllTab" name="verifySandalsButton" time="6.418"/>
  <testcase classname="TempTestNg2.ToVerifyProductPage" name="verifyaddToCart" time="26.535"/>
  <testcase classname="TempTestNg2.ToVerifyProductPage" name="verifyBuyNowButton" time="20.773"/>
  <testcase classname="TempTestNg2.ToVerifyProductPage" name="verifyAddtoWishListButton" time="15.12"/>
</testsuite> <!-- ChromeTest -->
