<?xml version="1.0" encoding="UTF-8"?>
<!-- Generated by org.testng.reporters.JUnitXMLReporter -->
<testsuite ignored="0" hostname="Archana" failures="1" tests="5" name="Test" time="162.274" errors="0" timestamp="2022-09-13T22:56:35 IST">
  <testcase classname="TempTestPack.ToVerifyProductPage" name="verifyaddToCart" time="17.466"/>
  <testcase classname="TempTestPack.ToVerifyProductPage" name="verifyBuyNowButton" time="15.375"/>
  <testcase classname="TempTestPack.ToVerifyProductPage" name="verifyAddtoWishListButton" time="19.16"/>
  <testcase classname="TempTestNg2.ToVerifyAllTab" name="verifyHandbagsButton" time="2.446">
    <failure type="java.lang.AssertionError" message="The following asserts failed:
	expected [Handbags: Buy Handbags and Clutch bags For Women online at best prices in India - Amazon.in] but found []">
      <![CDATA[java.lang.AssertionError: The following asserts failed:
expected [Handbags: Buy Handbags and Clutch bags For Women online at best prices in India - Amazon.in] but found []
at TempTestNg2.ToVerifyAllTab.verifyHandbagsButton(ToVerifyAllTab.java:49)
at java.base/java.util.ArrayList.forEach(ArrayList.java:1511)
... Removed 27 stack frames]]>
    </failure>
  </testcase> <!-- verifyHandbagsButton -->
  <testcase classname="TempTestNg2.ToVerifyAllTab" name="verifySandalsButton" time="4.658"/>
</testsuite> <!-- Test -->
