<?xml version="1.0" encoding="UTF-8"?>
<!-- Generated by org.testng.reporters.JUnitXMLReporter -->
<testsuite ignored="1" hostname="Archana" failures="1" tests="4" name="Test(failed)" time="204.166" errors="0" timestamp="2022-09-13T12:55:59 IST">
  <testcase classname="TempTestNg2.ToVerifyAllTab" name="verifyHandbagsButton" time="1.696">
    <failure type="java.lang.AssertionError" message="The following asserts failed:
	expected [Handbags: Buy Handbags and Clutch bags For Women online at best prices in India - Amazon.in] but found []">
      <![CDATA[java.lang.AssertionError: The following asserts failed:
expected [Handbags: Buy Handbags and Clutch bags For Women online at best prices in India - Amazon.in] but found []
at TempTestNg2.ToVerifyAllTab.verifyHandbagsButton(ToVerifyAllTab.java:48)
at java.base/java.util.ArrayList.forEach(ArrayList.java:1511)
... Removed 27 stack frames]]>
    </failure>
  </testcase> <!-- verifyHandbagsButton -->
  <testcase classname="TempTestPack.ToVerifyProductPage" name="verifyaddToCart" time="22.104"/>
  <testcase classname="TempTestPack.ToVerifyProductPage" name="verifyBuyNowButton" time="20.713"/>
  <testcase classname="TempTestPack.ToVerifyProductPage" name="verifyAddtoWishListButton" time="27.098"/>
  <testcase classname="TempTestNg2.ToVerifyAllTab" name="verifySandalsButton" time="0.0">
    <ignored/>
  </testcase> <!-- verifySandalsButton -->
</testsuite> <!-- Test(failed) -->
